#
# A fatal error has been detected by the Java Runtime Environment:
#
#  Internal Error (classFileParser.cpp:3494), pid=30250, tid=139822961747712
#  Error: ShouldNotReachHere()
#
# JRE version: 6.0_31-b04
# Java VM: Java HotSpot(TM) 64-Bit Server VM (20.6-b01 mixed mode linux-amd64 compressed oops)
# If you would like to submit a bug report, please visit:
#   http://java.sun.com/webapps/bugreport/crash.jsp
#

---------------  T H R E A D  ---------------

Current thread (0x00007f2b0c007800):  JavaThread "Unknown thread" [_thread_in_vm, id=30251, stack(0x00007f2b11e76000,0x00007f2b11f77000)]

Stack: [0x00007f2b11e76000,0x00007f2b11f77000],  sp=0x00007f2b11f75150,  free space=1020k
Native frames: (J=compiled Java code, j=interpreted, Vv=VM code, C=native code)
V  [libjvm.so+0x85eba5]  VMError::report_and_die()+0x265
V  [libjvm.so+0x3e4286]  report_should_not_reach_here(char const*, int)+0x46
V  [libjvm.so+0x36d61b]  ClassFileParser::parseClassFile(symbolHandle, Handle, Handle, KlassHandle, GrowableArray<Handle>*, symbolHandle&, bool, Thread*)+0x2b8b
V  [libjvm.so+0x373aaf]  ClassLoader::load_classfile(symbolHandle, Thread*)+0x22f
V  [libjvm.so+0x7eb95f]  SystemDictionary::load_instance_class(symbolHandle, Handle, Thread*)+0xef
V  [libjvm.so+0x7e9945]  SystemDictionary::resolve_instance_class_or_null(symbolHandle, Handle, Handle, Thread*)+0x575
V  [libjvm.so+0x7e86d1]  SystemDictionary::resolve_or_null(symbolHandle, Handle, Handle, Thread*)+0x81
V  [libjvm.so+0x7e82e4]  SystemDictionary::resolve_or_fail(symbolHandle, Handle, Handle, bool, Thread*)+0x34
V  [libjvm.so+0x7ed160]  SystemDictionary::initialize_wk_klass(SystemDictionary::WKID, int, Thread*)+0x70
V  [libjvm.so+0x7ed1f5]  SystemDictionary::initialize_wk_klasses_until(SystemDictionary::WKID, SystemDictionary::WKID&, Thread*)+0x45
V  [libjvm.so+0x7ed2d5]  SystemDictionary::initialize_preloaded_classes(Thread*)+0x75
V  [libjvm.so+0x7ed088]  SystemDictionary::initialize(Thread*)+0xd8
V  [libjvm.so+0x834ac8]  Universe::genesis(Thread*)+0x598
V  [libjvm.so+0x8369d9]  universe2_init()+0x29
V  [libjvm.so+0x4ac42c]  init_globals()+0x8c
V  [libjvm.so+0x81cd74]  Threads::create_vm(JavaVMInitArgs*, bool*)+0x214
V  [libjvm.so+0x51a660]  JNI_CreateJavaVM+0x80


---------------  P R O C E S S  ---------------

Java Threads: ( => current thread )

Other Threads:

=>0x00007f2b0c007800 (exited) JavaThread "Unknown thread" [_thread_in_vm, id=30251, stack(0x00007f2b11e76000,0x00007f2b11f77000)]

VM state:not at safepoint (not fully initialized)

VM Mutex/Monitor currently owned by a thread: None

Dynamic libraries:
40000000-40009000 r-xp 00000000 08:01 421903                             /opt/jdk1.6.0_31/bin/java
40108000-4010a000 rwxp 00008000 08:01 421903                             /opt/jdk1.6.0_31/bin/java
40170000-40191000 rwxp 00000000 00:00 0                                  [heap]
77ec00000-7800c0000 rwxp 00000000 00:00 0 
7800c0000-783e00000 rwxp 00000000 00:00 0 
783e00000-7890c0000 rwxp 00000000 00:00 0 
7890c0000-7d6a00000 rwxp 00000000 00:00 0 
7d6a00000-7d9360000 rwxp 00000000 00:00 0 
7d9360000-800000000 rwxp 00000000 00:00 0 
7f2ae4000000-7f2ae4021000 rwxp 00000000 00:00 0 
7f2ae4021000-7f2ae8000000 ---p 00000000 00:00 0 
7f2aec000000-7f2aec021000 rwxp 00000000 00:00 0 
7f2aec021000-7f2af0000000 ---p 00000000 00:00 0 
7f2af0000000-7f2af0021000 rwxp 00000000 00:00 0 
7f2af0021000-7f2af4000000 ---p 00000000 00:00 0 
7f2af4000000-7f2af4021000 rwxp 00000000 00:00 0 
7f2af4021000-7f2af8000000 ---p 00000000 00:00 0 
7f2af8000000-7f2af8021000 rwxp 00000000 00:00 0 
7f2af8021000-7f2afc000000 ---p 00000000 00:00 0 
7f2afc000000-7f2afc021000 rwxp 00000000 00:00 0 
7f2afc021000-7f2b00000000 ---p 00000000 00:00 0 
7f2b00000000-7f2b00021000 rwxp 00000000 00:00 0 
7f2b00021000-7f2b04000000 ---p 00000000 00:00 0 
7f2b04000000-7f2b04021000 rwxp 00000000 00:00 0 
7f2b04021000-7f2b08000000 ---p 00000000 00:00 0 
7f2b09000000-7f2b09270000 rwxp 00000000 00:00 0 
7f2b09270000-7f2b0c087000 rwxp 00000000 00:00 0 
7f2b0c087000-7f2b10000000 ---p 00000000 00:00 0 
7f2b10125000-7f2b101e6000 r-xs 010b9000 08:05 4230741                    /home/arno/libs/android-sdk-linux/platforms/android-16/android.jar
7f2b101e6000-7f2b1020e000 rwxp 00000000 00:00 0 
7f2b1020e000-7f2b1020f000 ---p 00000000 00:00 0 
7f2b1020f000-7f2b1030f000 rwxp 00000000 00:00 0 
7f2b1030f000-7f2b10310000 ---p 00000000 00:00 0 
7f2b10310000-7f2b10410000 rwxp 00000000 00:00 0 
7f2b10410000-7f2b10411000 ---p 00000000 00:00 0 
7f2b10411000-7f2b10511000 rwxp 00000000 00:00 0 
7f2b10511000-7f2b10512000 ---p 00000000 00:00 0 
7f2b10512000-7f2b10612000 rwxp 00000000 00:00 0 
7f2b10612000-7f2b10613000 ---p 00000000 00:00 0 
7f2b10613000-7f2b10713000 rwxp 00000000 00:00 0 
7f2b10713000-7f2b10714000 ---p 00000000 00:00 0 
7f2b10714000-7f2b10814000 rwxp 00000000 00:00 0 
7f2b10814000-7f2b10815000 ---p 00000000 00:00 0 
7f2b10815000-7f2b10915000 rwxp 00000000 00:00 0 
7f2b10915000-7f2b10916000 ---p 00000000 00:00 0 
7f2b10916000-7f2b10a21000 rwxp 00000000 00:00 0 
7f2b10a21000-7f2b10a3f000 rwxp 00000000 00:00 0 
7f2b10a3f000-7f2b10a69000 rwxp 00000000 00:00 0 
7f2b10a69000-7f2b10cd5000 rwxp 00000000 00:00 0 
7f2b10cd5000-7f2b10ce0000 rwxp 00000000 00:00 0 
7f2b10ce0000-7f2b10cfe000 rwxp 00000000 00:00 0 
7f2b10cfe000-7f2b10d28000 rwxp 00000000 00:00 0 
7f2b10d28000-7f2b10f94000 rwxp 00000000 00:00 0 
7f2b10f94000-7f2b10fa9000 rwxp 00000000 00:00 0 
7f2b10fa9000-7f2b110df000 rwxp 00000000 00:00 0 
7f2b110df000-7f2b110e0000 rwxp 00000000 00:00 0 
7f2b110e0000-7f2b110ee000 r-xp 00000000 08:01 421992                     /opt/jdk1.6.0_31/jre/lib/amd64/libzip.so
7f2b110ee000-7f2b111f0000 ---p 0000e000 08:01 421992                     /opt/jdk1.6.0_31/jre/lib/amd64/libzip.so
7f2b111f0000-7f2b111f3000 rwxp 00010000 08:01 421992                     /opt/jdk1.6.0_31/jre/lib/amd64/libzip.so
7f2b111f3000-7f2b111f4000 rwxp 00000000 00:00 0 
7f2b111f4000-7f2b11200000 r-xp 00000000 08:01 790821                     /lib/x86_64-linux-gnu/libnss_files-2.15.so
7f2b11200000-7f2b113ff000 ---p 0000c000 08:01 790821                     /lib/x86_64-linux-gnu/libnss_files-2.15.so
7f2b113ff000-7f2b11400000 r-xp 0000b000 08:01 790821                     /lib/x86_64-linux-gnu/libnss_files-2.15.so
7f2b11400000-7f2b11401000 rwxp 0000c000 08:01 790821                     /lib/x86_64-linux-gnu/libnss_files-2.15.so
7f2b11401000-7f2b1140b000 r-xp 00000000 08:01 790825                     /lib/x86_64-linux-gnu/libnss_nis-2.15.so
7f2b1140b000-7f2b1160b000 ---p 0000a000 08:01 790825                     /lib/x86_64-linux-gnu/libnss_nis-2.15.so
7f2b1160b000-7f2b1160c000 r-xp 0000a000 08:01 790825                     /lib/x86_64-linux-gnu/libnss_nis-2.15.so
7f2b1160c000-7f2b1160d000 rwxp 0000b000 08:01 790825                     /lib/x86_64-linux-gnu/libnss_nis-2.15.so
7f2b1160d000-7f2b11615000 r-xp 00000000 08:01 790817                     /lib/x86_64-linux-gnu/libnss_compat-2.15.so
7f2b11615000-7f2b11814000 ---p 00008000 08:01 790817                     /lib/x86_64-linux-gnu/libnss_compat-2.15.so
7f2b11814000-7f2b11815000 r-xp 00007000 08:01 790817                     /lib/x86_64-linux-gnu/libnss_compat-2.15.so
7f2b11815000-7f2b11816000 rwxp 00008000 08:01 790817                     /lib/x86_64-linux-gnu/libnss_compat-2.15.so
7f2b11816000-7f2b1182d000 r-xp 00000000 08:01 790815                     /lib/x86_64-linux-gnu/libnsl-2.15.so
7f2b1182d000-7f2b11a2c000 ---p 00017000 08:01 790815                     /lib/x86_64-linux-gnu/libnsl-2.15.so
7f2b11a2c000-7f2b11a2d000 r-xp 00016000 08:01 790815                     /lib/x86_64-linux-gnu/libnsl-2.15.so
7f2b11a2d000-7f2b11a2e000 rwxp 00017000 08:01 790815                     /lib/x86_64-linux-gnu/libnsl-2.15.so
7f2b11a2e000-7f2b11a30000 rwxp 00000000 00:00 0 
7f2b11a30000-7f2b11a59000 r-xp 00000000 08:01 422001                     /opt/jdk1.6.0_31/jre/lib/amd64/libjava.so
7f2b11a59000-7f2b11b58000 ---p 00029000 08:01 422001                     /opt/jdk1.6.0_31/jre/lib/amd64/libjava.so
7f2b11b58000-7f2b11b5f000 rwxp 00028000 08:01 422001                     /opt/jdk1.6.0_31/jre/lib/amd64/libjava.so
7f2b11b5f000-7f2b11b6c000 r-xp 00000000 08:01 421987                     /opt/jdk1.6.0_31/jre/lib/amd64/libverify.so
7f2b11b6c000-7f2b11c6b000 ---p 0000d000 08:01 421987                     /opt/jdk1.6.0_31/jre/lib/amd64/libverify.so
7f2b11c6b000-7f2b11c6e000 rwxp 0000c000 08:01 421987                     /opt/jdk1.6.0_31/jre/lib/amd64/libverify.so
7f2b11c6e000-7f2b11c75000 r-xp 00000000 08:01 790856                     /lib/x86_64-linux-gnu/librt-2.15.so
7f2b11c75000-7f2b11e74000 ---p 00007000 08:01 790856                     /lib/x86_64-linux-gnu/librt-2.15.so
7f2b11e74000-7f2b11e75000 r-xp 00006000 08:01 790856                     /lib/x86_64-linux-gnu/librt-2.15.so
7f2b11e75000-7f2b11e76000 rwxp 00007000 08:01 790856                     /lib/x86_64-linux-gnu/librt-2.15.so
7f2b11e76000-7f2b11e79000 ---p 00000000 00:00 0 
7f2b11e79000-7f2b11f77000 rwxp 00000000 00:00 0 
7f2b11f77000-7f2b12070000 r-xp 00000000 08:01 790802                     /lib/x86_64-linux-gnu/libm-2.15.so
7f2b12070000-7f2b1226f000 ---p 000f9000 08:01 790802                     /lib/x86_64-linux-gnu/libm-2.15.so
7f2b1226f000-7f2b12270000 r-xp 000f8000 08:01 790802                     /lib/x86_64-linux-gnu/libm-2.15.so
7f2b12270000-7f2b12271000 rwxp 000f9000 08:01 790802                     /lib/x86_64-linux-gnu/libm-2.15.so
7f2b12271000-7f2b12b8b000 r-xp 00000000 08:01 541003                     /opt/jdk1.6.0_31/jre/lib/amd64/server/libjvm.so
7f2b12b8b000-7f2b12c8d000 ---p 0091a000 08:01 541003                     /opt/jdk1.6.0_31/jre/lib/amd64/server/libjvm.so
7f2b12c8d000-7f2b12e42000 rwxp 0091c000 08:01 541003                     /opt/jdk1.6.0_31/jre/lib/amd64/server/libjvm.so
7f2b12e42000-7f2b12e7c000 rwxp 00000000 00:00 0 
7f2b12e7c000-7f2b1302f000 r-xp 00000000 08:01 790770                     /lib/x86_64-linux-gnu/libc-2.15.so
7f2b1302f000-7f2b1322e000 ---p 001b3000 08:01 790770                     /lib/x86_64-linux-gnu/libc-2.15.so
7f2b1322e000-7f2b13232000 r-xp 001b2000 08:01 790770                     /lib/x86_64-linux-gnu/libc-2.15.so
7f2b13232000-7f2b13234000 rwxp 001b6000 08:01 790770                     /lib/x86_64-linux-gnu/libc-2.15.so
7f2b13234000-7f2b13239000 rwxp 00000000 00:00 0 
7f2b13239000-7f2b1323b000 r-xp 00000000 08:01 790783                     /lib/x86_64-linux-gnu/libdl-2.15.so
7f2b1323b000-7f2b1343b000 ---p 00002000 08:01 790783                     /lib/x86_64-linux-gnu/libdl-2.15.so
7f2b1343b000-7f2b1343c000 r-xp 00002000 08:01 790783                     /lib/x86_64-linux-gnu/libdl-2.15.so
7f2b1343c000-7f2b1343d000 rwxp 00003000 08:01 790783                     /lib/x86_64-linux-gnu/libdl-2.15.so
7f2b1343d000-7f2b13455000 r-xp 00000000 08:01 790850                     /lib/x86_64-linux-gnu/libpthread-2.15.so
7f2b13455000-7f2b13654000 ---p 00018000 08:01 790850                     /lib/x86_64-linux-gnu/libpthread-2.15.so
7f2b13654000-7f2b13655000 r-xp 00017000 08:01 790850                     /lib/x86_64-linux-gnu/libpthread-2.15.so
7f2b13655000-7f2b13656000 rwxp 00018000 08:01 790850                     /lib/x86_64-linux-gnu/libpthread-2.15.so
7f2b13656000-7f2b1365a000 rwxp 00000000 00:00 0 
7f2b1365a000-7f2b1367c000 r-xp 00000000 08:01 790750                     /lib/x86_64-linux-gnu/ld-2.15.so
7f2b1368f000-7f2b13699000 rwxp 00000000 00:00 0 
7f2b13699000-7f2b1374f000 rwxp 00000000 00:00 0 
7f2b1374f000-7f2b13752000 rwxp 00000000 00:00 0 
7f2b13752000-7f2b13759000 r-xp 00000000 08:01 421979                     /opt/jdk1.6.0_31/jre/lib/amd64/jli/libjli.so
7f2b13759000-7f2b1385a000 ---p 00007000 08:01 421979                     /opt/jdk1.6.0_31/jre/lib/amd64/jli/libjli.so
7f2b1385a000-7f2b1385c000 rwxp 00008000 08:01 421979                     /opt/jdk1.6.0_31/jre/lib/amd64/jli/libjli.so
7f2b1385c000-7f2b1385d000 rwxp 00000000 00:00 0 
7f2b13870000-7f2b13878000 rwxs 00000000 08:01 282996                     /tmp/hsperfdata_arno/30250
7f2b13878000-7f2b13879000 rwxp 00000000 00:00 0 
7f2b13879000-7f2b1387a000 r-xp 00000000 00:00 0 
7f2b1387a000-7f2b1387c000 rwxp 00000000 00:00 0 
7f2b1387c000-7f2b1387d000 r-xp 00022000 08:01 790750                     /lib/x86_64-linux-gnu/ld-2.15.so
7f2b1387d000-7f2b1387f000 rwxp 00023000 08:01 790750                     /lib/x86_64-linux-gnu/ld-2.15.so
7fffe2b63000-7fffe2b84000 rwxp 00000000 00:00 0                          [stack]
7fffe2bff000-7fffe2c00000 r-xp 00000000 00:00 0                          [vdso]
ffffffffff600000-ffffffffff601000 r-xp 00000000 00:00 0                  [vsyscall]

VM Arguments:
jvm_args: -Dfile.encoding=UTF-8 -Xbootclasspath:/home/arno/libs/android-sdk-linux/platforms/android-16/android.jar 
java_command: de.arnohaase.androidspielerei.util.MapWithSynthetics
Launcher Type: SUN_STANDARD

Environment Variables:
JAVA_HOME=/opt/jdk1.6
PATH=/opt/jdk1.6/bin:/usr/local/sbin:/usr/local/bin:/usr/sbin:/usr/bin:/sbin:/bin:/usr/games:/home/arno/.local/bin:/home/arno/bin:/usr/lib/oracle/xe/app/oracle/product/10.2.0/server/bin:/home/arno/bin
LD_LIBRARY_PATH=/opt/jdk1.6.0_31/jre/lib/amd64/server:/opt/jdk1.6.0_31/jre/lib/amd64:/opt/jdk1.6.0_31/jre/../lib/amd64::/usr/lib/jni
SHELL=/bin/bash
DISPLAY=:0

Signal Handlers:
SIGSEGV: [libjvm.so+0x85f7d0], sa_mask[0]=0x7ffbfeff, sa_flags=0x10000004
SIGBUS: [libjvm.so+0x85f7d0], sa_mask[0]=0x7ffbfeff, sa_flags=0x10000004
SIGFPE: [libjvm.so+0x70e3e0], sa_mask[0]=0x7ffbfeff, sa_flags=0x10000004
SIGPIPE: [libjvm.so+0x70e3e0], sa_mask[0]=0x7ffbfeff, sa_flags=0x10000004
SIGXFSZ: [libjvm.so+0x70e3e0], sa_mask[0]=0x7ffbfeff, sa_flags=0x10000004
SIGILL: [libjvm.so+0x70e3e0], sa_mask[0]=0x7ffbfeff, sa_flags=0x10000004
SIGUSR1: SIG_DFL, sa_mask[0]=0x00000000, sa_flags=0x00000000
SIGUSR2: [libjvm.so+0x711210], sa_mask[0]=0x00000004, sa_flags=0x10000004
SIGHUP: SIG_DFL, sa_mask[0]=0x00000000, sa_flags=0x00000000
SIGINT: SIG_DFL, sa_mask[0]=0x00000000, sa_flags=0x00000000
SIGTERM: SIG_DFL, sa_mask[0]=0x00000000, sa_flags=0x00000000
SIGQUIT: SIG_DFL, sa_mask[0]=0x00000000, sa_flags=0x00000000


---------------  S Y S T E M  ---------------

OS:wheezy/sid

uname:Linux 3.2.0-29-generic #46-Ubuntu SMP Fri Jul 27 17:03:23 UTC 2012 x86_64
libc:glibc 2.15 NPTL 2.15 
rlimit: STACK 8192k, CORE 0k, NPROC 63354, NOFILE 4096, AS infinity
load average:0.48 0.46 0.37

/proc/meminfo:
MemTotal:        8133496 kB
MemFree:         1185068 kB
Buffers:          433752 kB
Cached:          4177088 kB
SwapCached:            0 kB
Active:          4019052 kB
Inactive:        2435776 kB
Active(anon):    1844856 kB
Inactive(anon):    28180 kB
Active(file):    2174196 kB
Inactive(file):  2407596 kB
Unevictable:           0 kB
Mlocked:               0 kB
SwapTotal:       2097148 kB
SwapFree:        2097148 kB
Dirty:               164 kB
Writeback:             0 kB
AnonPages:       1844084 kB
Mapped:           206288 kB
Shmem:             29056 kB
Slab:             319816 kB
SReclaimable:     283972 kB
SUnreclaim:        35844 kB
KernelStack:        3288 kB
PageTables:        30296 kB
NFS_Unstable:          0 kB
Bounce:                0 kB
WritebackTmp:          0 kB
CommitLimit:     6163896 kB
Committed_AS:    3371836 kB
VmallocTotal:   34359738367 kB
VmallocUsed:      128844 kB
VmallocChunk:   34359602684 kB
HardwareCorrupted:     0 kB
AnonHugePages:         0 kB
HugePages_Total:       0
HugePages_Free:        0
HugePages_Rsvd:        0
HugePages_Surp:        0
Hugepagesize:       2048 kB
DirectMap4k:      151552 kB
DirectMap2M:     8196096 kB


CPU:total 8 (4 cores per cpu, 2 threads per core) family 6 model 42 stepping 7, cmov, cx8, fxsr, mmx, sse, sse2, sse3, ssse3, sse4.1, sse4.2, popcnt, ht

/proc/cpuinfo:
processor	: 0
vendor_id	: GenuineIntel
cpu family	: 6
model		: 42
model name	: Intel(R) Core(TM) i7-2720QM CPU @ 2.20GHz
stepping	: 7
microcode	: 0x12
cpu MHz		: 800.000
cache size	: 6144 KB
physical id	: 0
siblings	: 8
core id		: 0
cpu cores	: 4
apicid		: 0
initial apicid	: 0
fpu		: yes
fpu_exception	: yes
cpuid level	: 13
wp		: yes
flags		: fpu vme de pse tsc msr pae mce cx8 apic sep mtrr pge mca cmov pat pse36 clflush dts acpi mmx fxsr sse sse2 ss ht tm pbe syscall nx rdtscp lm constant_tsc arch_perfmon pebs bts rep_good nopl xtopology nonstop_tsc aperfmperf pni pclmulqdq dtes64 monitor ds_cpl vmx smx est tm2 ssse3 cx16 xtpr pdcm pcid sse4_1 sse4_2 x2apic popcnt tsc_deadline_timer aes xsave avx lahf_lm ida arat epb xsaveopt pln pts dtherm tpr_shadow vnmi flexpriority ept vpid
bogomips	: 4390.22
clflush size	: 64
cache_alignment	: 64
address sizes	: 36 bits physical, 48 bits virtual
power management:

processor	: 1
vendor_id	: GenuineIntel
cpu family	: 6
model		: 42
model name	: Intel(R) Core(TM) i7-2720QM CPU @ 2.20GHz
stepping	: 7
microcode	: 0x12
cpu MHz		: 800.000
cache size	: 6144 KB
physical id	: 0
siblings	: 8
core id		: 1
cpu cores	: 4
apicid		: 2
initial apicid	: 2
fpu		: yes
fpu_exception	: yes
cpuid level	: 13
wp		: yes
flags		: fpu vme de pse tsc msr pae mce cx8 apic sep mtrr pge mca cmov pat pse36 clflush dts acpi mmx fxsr sse sse2 ss ht tm pbe syscall nx rdtscp lm constant_tsc arch_perfmon pebs bts rep_good nopl xtopology nonstop_tsc aperfmperf pni pclmulqdq dtes64 monitor ds_cpl vmx smx est tm2 ssse3 cx16 xtpr pdcm pcid sse4_1 sse4_2 x2apic popcnt tsc_deadline_timer aes xsave avx lahf_lm ida arat epb xsaveopt pln pts dtherm tpr_shadow vnmi flexpriority ept vpid
bogomips	: 4389.83
clflush size	: 64
cache_alignment	: 64
address sizes	: 36 bits physical, 48 bits virtual
power management:

processor	: 2
vendor_id	: GenuineIntel
cpu family	: 6
model		: 42
model name	: Intel(R) Core(TM) i7-2720QM CPU @ 2.20GHz
stepping	: 7
microcode	: 0x12
cpu MHz		: 800.000
cache size	: 6144 KB
physical id	: 0
siblings	: 8
core id		: 2
cpu cores	: 4
apicid		: 4
initial apicid	: 4
fpu		: yes
fpu_exception	: yes
cpuid level	: 13
wp		: yes
flags		: fpu vme de pse tsc msr pae mce cx8 apic sep mtrr pge mca cmov pat pse36 clflush dts acpi mmx fxsr sse sse2 ss ht tm pbe syscall nx rdtscp lm constant_tsc arch_perfmon pebs bts rep_good nopl xtopology nonstop_tsc aperfmperf pni pclmulqdq dtes64 monitor ds_cpl vmx smx est tm2 ssse3 cx16 xtpr pdcm pcid sse4_1 sse4_2 x2apic popcnt tsc_deadline_timer aes xsave avx lahf_lm ida arat epb xsaveopt pln pts dtherm tpr_shadow vnmi flexpriority ept vpid
bogomips	: 4389.83
clflush size	: 64
cache_alignment	: 64
address sizes	: 36 bits physical, 48 bits virtual
power management:

processor	: 3
vendor_id	: GenuineIntel
cpu family	: 6
model		: 42
model name	: Intel(R) Core(TM) i7-2720QM CPU @ 2.20GHz
stepping	: 7
microcode	: 0x12
cpu MHz		: 800.000
cache size	: 6144 KB
physical id	: 0
siblings	: 8
core id		: 3
cpu cores	: 4
apicid		: 6
initial apicid	: 6
fpu		: yes
fpu_exception	: yes
cpuid level	: 13
wp		: yes
flags		: fpu vme de pse tsc msr pae mce cx8 apic sep mtrr pge mca cmov pat pse36 clflush dts acpi mmx fxsr sse sse2 ss ht tm pbe syscall nx rdtscp lm constant_tsc arch_perfmon pebs bts rep_good nopl xtopology nonstop_tsc aperfmperf pni pclmulqdq dtes64 monitor ds_cpl vmx smx est tm2 ssse3 cx16 xtpr pdcm pcid sse4_1 sse4_2 x2apic popcnt tsc_deadline_timer aes xsave avx lahf_lm ida arat epb xsaveopt pln pts dtherm tpr_shadow vnmi flexpriority ept vpid
bogomips	: 4389.83
clflush size	: 64
cache_alignment	: 64
address sizes	: 36 bits physical, 48 bits virtual
power management:

processor	: 4
vendor_id	: GenuineIntel
cpu family	: 6
model		: 42
model name	: Intel(R) Core(TM) i7-2720QM CPU @ 2.20GHz
stepping	: 7
microcode	: 0x12
cpu MHz		: 2201.000
cache size	: 6144 KB
physical id	: 0
siblings	: 8
core id		: 0
cpu cores	: 4
apicid		: 1
initial apicid	: 1
fpu		: yes
fpu_exception	: yes
cpuid level	: 13
wp		: yes
flags		: fpu vme de pse tsc msr pae mce cx8 apic sep mtrr pge mca cmov pat pse36 clflush dts acpi mmx fxsr sse sse2 ss ht tm pbe syscall nx rdtscp lm constant_tsc arch_perfmon pebs bts rep_good nopl xtopology nonstop_tsc aperfmperf pni pclmulqdq dtes64 monitor ds_cpl vmx smx est tm2 ssse3 cx16 xtpr pdcm pcid sse4_1 sse4_2 x2apic popcnt tsc_deadline_timer aes xsave avx lahf_lm ida arat epb xsaveopt pln pts dtherm tpr_shadow vnmi flexpriority ept vpid
bogomips	: 4389.83
clflush size	: 64
cache_alignment	: 64
address sizes	: 36 bits physical, 48 bits virtual
power management:

processor	: 5
vendor_id	: GenuineIntel
cpu family	: 6
model		: 42
model name	: Intel(R) Core(TM) i7-2720QM CPU @ 2.20GHz
stepping	: 7
microcode	: 0x12
cpu MHz		: 800.000
cache size	: 6144 KB
physical id	: 0
siblings	: 8
core id		: 1
cpu cores	: 4
apicid		: 3
initial apicid	: 3
fpu		: yes
fpu_exception	: yes
cpuid level	: 13
wp		: yes
flags		: fpu vme de pse tsc msr pae mce cx8 apic sep mtrr pge mca cmov pat pse36 clflush dts acpi mmx fxsr sse sse2 ss ht tm pbe syscall nx rdtscp lm constant_tsc arch_perfmon pebs bts rep_good nopl xtopology nonstop_tsc aperfmperf pni pclmulqdq dtes64 monitor ds_cpl vmx smx est tm2 ssse3 cx16 xtpr pdcm pcid sse4_1 sse4_2 x2apic popcnt tsc_deadline_timer aes xsave avx lahf_lm ida arat epb xsaveopt pln pts dtherm tpr_shadow vnmi flexpriority ept vpid
bogomips	: 4389.83
clflush size	: 64
cache_alignment	: 64
address sizes	: 36 bits physical, 48 bits virtual
power management:

processor	: 6
vendor_id	: GenuineIntel
cpu family	: 6
model		: 42
model name	: Intel(R) Core(TM) i7-2720QM CPU @ 2.20GHz
stepping	: 7
microcode	: 0x12
cpu MHz		: 800.000
cache size	: 6144 KB
physical id	: 0
siblings	: 8
core id		: 2
cpu cores	: 4
apicid		: 5
initial apicid	: 5
fpu		: yes
fpu_exception	: yes
cpuid level	: 13
wp		: yes
flags		: fpu vme de pse tsc msr pae mce cx8 apic sep mtrr pge mca cmov pat pse36 clflush dts acpi mmx fxsr sse sse2 ss ht tm pbe syscall nx rdtscp lm constant_tsc arch_perfmon pebs bts rep_good nopl xtopology nonstop_tsc aperfmperf pni pclmulqdq dtes64 monitor ds_cpl vmx smx est tm2 ssse3 cx16 xtpr pdcm pcid sse4_1 sse4_2 x2apic popcnt tsc_deadline_timer aes xsave avx lahf_lm ida arat epb xsaveopt pln pts dtherm tpr_shadow vnmi flexpriority ept vpid
bogomips	: 4389.83
clflush size	: 64
cache_alignment	: 64
address sizes	: 36 bits physical, 48 bits virtual
power management:

processor	: 7
vendor_id	: GenuineIntel
cpu family	: 6
model		: 42
model name	: Intel(R) Core(TM) i7-2720QM CPU @ 2.20GHz
stepping	: 7
microcode	: 0x12
cpu MHz		: 800.000
cache size	: 6144 KB
physical id	: 0
siblings	: 8
core id		: 3
cpu cores	: 4
apicid		: 7
initial apicid	: 7
fpu		: yes
fpu_exception	: yes
cpuid level	: 13
wp		: yes
flags		: fpu vme de pse tsc msr pae mce cx8 apic sep mtrr pge mca cmov pat pse36 clflush dts acpi mmx fxsr sse sse2 ss ht tm pbe syscall nx rdtscp lm constant_tsc arch_perfmon pebs bts rep_good nopl xtopology nonstop_tsc aperfmperf pni pclmulqdq dtes64 monitor ds_cpl vmx smx est tm2 ssse3 cx16 xtpr pdcm pcid sse4_1 sse4_2 x2apic popcnt tsc_deadline_timer aes xsave avx lahf_lm ida arat epb xsaveopt pln pts dtherm tpr_shadow vnmi flexpriority ept vpid
bogomips	: 4389.83
clflush size	: 64
cache_alignment	: 64
address sizes	: 36 bits physical, 48 bits virtual
power management:



Memory: 4k page, physical 8133496k(1185068k free), swap 2097148k(2097148k free)

vm_info: Java HotSpot(TM) 64-Bit Server VM (20.6-b01) for linux-amd64 JRE (1.6.0_31-b04), built on Jan 20 2012 10:18:50 by "java_re" with gcc 3.2.2 (SuSE Linux)

time: Fri Aug 17 21:19:38 2012
elapsed time: 0 seconds

